<?xml version="1.0" encoding="UTF-8"?>
<testsuite name="com.bridgelabz.MoodAnalyserExceptionTest" tests="1" skipped="0" failures="0" errors="0" timestamp="2021-05-31T12:59:30" hostname="DESKTOP-I19OHT9" time="0.01">
  <properties/>
  <testcase name="givenMood_whenNull_returnHappy" classname="com.bridgelabz.MoodAnalyserExceptionTest" time="0.01"/>
  <system-out><![CDATA[null
Happy
]]></system-out>
  <system-err><![CDATA[]]></system-err>
</testsuite>
