<?xml version="1.0" encoding="UTF-8"?>
<testsuite name="com.bridgelabz.MoodAnalyserExceptionTest" tests="1" skipped="0" failures="0" errors="0" timestamp="2021-06-02T13:42:45" hostname="DESKTOP-I19OHT9" time="0.009">
  <properties/>
  <testcase name="givenMood_whenEmpty_shouldThrowInvalidMoodException" classname="com.bridgelabz.MoodAnalyserExceptionTest" time="0.009"/>
  <system-out><![CDATA[]]></system-out>
  <system-err><![CDATA[]]></system-err>
</testsuite>
